<?xml version="1.0" encoding="UTF-8"?>
<!-- Generated by org.testng.reporters.JUnitXMLReporter -->
<testsuite hostname="Shankar" name="Test" tests="4" failures="0" timestamp="27 Apr 2018 10:07:38 GMT" time="0.079" errors="0">
  <testcase name="firstTestCase" time="0.02" classname="ProjectEDUOTTestMaven.ProjectEDUOTTestLogin.LoginC"/>
  <testcase name="secondTestCase" time="0.005" classname="ProjectEDUOTTestMaven.ProjectEDUOTTestLogin.LoginC"/>
  <testcase name="firstTestCase" time="0.008" classname="ProjectEDUOTTestMaven.ProjectEDUOTTestLogin.LoginC1"/>
  <testcase name="secondTestCase" time="0.003" classname="ProjectEDUOTTestMaven.ProjectEDUOTTestLogin.LoginC1"/>
</testsuite> <!-- Test -->
