<?xml version="1.0" encoding="UTF-8"?>
<!-- Generated by org.testng.reporters.JUnitXMLReporter -->
<testsuite hostname="Shankar" name="Test" tests="4" failures="0" timestamp="26 Apr 2018 11:02:38 GMT" time="0.065" errors="0">
  <testcase name="firstTestCase" time="0.016" classname="ProjectEDUOTTestMaven.ProjectEDUOTTestLogin.LoginC"/>
  <testcase name="secondTestCase" time="0.003" classname="ProjectEDUOTTestMaven.ProjectEDUOTTestLogin.LoginC"/>
  <testcase name="firstTestCase" time="0.005" classname="ProjectEDUOTTestMaven.ProjectEDUOTTestLogin.LoginC1"/>
  <testcase name="secondTestCase" time="0.003" classname="ProjectEDUOTTestMaven.ProjectEDUOTTestLogin.LoginC1"/>
</testsuite> <!-- Test -->
