<?xml version="1.0" encoding="UTF-8"?>
<testng-results ignored="0" total="0" passed="0" failed="0" skipped="0">
  <reporter-output>
  </reporter-output>
  <suite started-at="2018-04-27T12:20:44Z" name="Main Test Suite" finished-at="2018-04-27T12:20:44Z" duration-ms="4">
    <groups>
    </groups>
    <test started-at="2018-04-27T12:20:44Z" name="TestNG Test Group" finished-at="2018-04-27T12:20:44Z" duration-ms="4">
    </test> <!-- TestNG Test Group -->
  </suite> <!-- Main Test Suite -->
</testng-results>
