<?xml version="1.0" encoding="UTF-8"?>
<testng-results skipped="0" failed="0" total="4" passed="4">
  <reporter-output>
  </reporter-output>
  <suite name="Suite" duration-ms="65" started-at="2018-04-26T11:02:38Z" finished-at="2018-04-26T11:02:38Z">
    <groups>
    </groups>
    <test name="Test" duration-ms="65" started-at="2018-04-26T11:02:38Z" finished-at="2018-04-26T11:02:38Z">
      <class name="ProjectEDUOTTestMaven.ProjectEDUOTTestLogin.LoginC">
        <test-method status="PASS" signature="firstTestCase()[pri:0, instance:ProjectEDUOTTestMaven.ProjectEDUOTTestLogin.LoginC@23f7d05d]" name="firstTestCase" duration-ms="16" started-at="2018-04-26T21:02:38Z" finished-at="2018-04-26T21:02:38Z">
          <reporter-output>
          </reporter-output>
        </test-method> <!-- firstTestCase -->
        <test-method status="PASS" signature="secondTestCase()[pri:0, instance:ProjectEDUOTTestMaven.ProjectEDUOTTestLogin.LoginC@23f7d05d]" name="secondTestCase" duration-ms="3" started-at="2018-04-26T21:02:38Z" finished-at="2018-04-26T21:02:38Z">
          <reporter-output>
          </reporter-output>
        </test-method> <!-- secondTestCase -->
      </class> <!-- ProjectEDUOTTestMaven.ProjectEDUOTTestLogin.LoginC -->
      <class name="ProjectEDUOTTestMaven.ProjectEDUOTTestLogin.LoginC1">
        <test-method status="PASS" signature="firstTestCase()[pri:0, instance:ProjectEDUOTTestMaven.ProjectEDUOTTestLogin.LoginC1@1d082e88]" name="firstTestCase" duration-ms="5" started-at="2018-04-26T21:02:38Z" finished-at="2018-04-26T21:02:38Z">
          <reporter-output>
          </reporter-output>
        </test-method> <!-- firstTestCase -->
        <test-method status="PASS" signature="secondTestCase()[pri:0, instance:ProjectEDUOTTestMaven.ProjectEDUOTTestLogin.LoginC1@1d082e88]" name="secondTestCase" duration-ms="3" started-at="2018-04-26T21:02:38Z" finished-at="2018-04-26T21:02:38Z">
          <reporter-output>
          </reporter-output>
        </test-method> <!-- secondTestCase -->
      </class> <!-- ProjectEDUOTTestMaven.ProjectEDUOTTestLogin.LoginC1 -->
    </test> <!-- Test -->
  </suite> <!-- Suite -->
</testng-results>
